This is e-pTeX, Version 3.14159265-p3.7-160201-2.6 (utf8.sjis) (TeX Live 2016/W32TeX) (preloaded format=platex 2016.10.24)  17 NOV 2016 13:39
entering extended mode
 restricted \write18 enabled.
 %&-line parsing enabled.
**"./Rephrase Equivalence of Categories by Span.tex"
(./Rephrase Equivalence of Categories by Span.tex
pLaTeX2e <2016/09/08> (based on LaTeX2e <2016/03/31> patch level 3)
Babel <3.9r> and hyphenation patterns for 83 language(s) loaded.

! LaTeX Error: File `msjproc.cls' not found.

Type X to quit or <RETURN> to proceed,
or enter new name. (Default extension: cls)

Enter file name: 
! Emergency stop.
<read *> 
         
l.2 \usepackage
               {latexsym}^^M
End of file on the terminal!

 
Here is how much of TeX's memory you used:
 9 strings out of 493682
 243 string characters out of 6152629
 54803 words of memory out of 5000000
 3675 multiletter control sequences out of 15000+600000
 7511 words of font info for 31 fonts, out of 8000000 for 9000
 929 hyphenation exceptions out of 8191
 10i,0n,7p,91b,8s stack positions out of 5000i,500n,10000p,200000b,80000s
No pages of output.
